\BOOKMARK [0][-]{chapter.0}{\376\377\124\150\147\037\140\047\176\323\147\204}{}% 1
\BOOKMARK [1][-]{section.0.1}{\376\377\153\143\172\172\225\364\124\214\120\022\172\172\225\364}{chapter.0}% 2
\BOOKMARK [2][-]{subsection.0.1.1}{\376\377\116\377\134\004\127\120\150\007\174\373}{section.0.1}% 3
\BOOKMARK [2][-]{subsection.0.1.2}{\376\377\153\047\137\017\172\172\225\364\116\016\136\246\221\317\174\373\145\160}{section.0.1}% 4
\BOOKMARK [2][-]{subsection.0.1.3}{\376\377\120\022\146\023\127\372\136\225}{section.0.1}% 5
\BOOKMARK [2][-]{subsection.0.1.4}{\376\377\220\006\123\330\167\342\221\317\116\016\123\117\123\330\167\342\221\317}{section.0.1}% 6
\BOOKMARK [1][-]{section.0.2}{\376\377\153\143\150\074\167\342\116\016\120\022\150\074\167\342}{chapter.0}% 7
\BOOKMARK [1][-]{section.0.3}{\376\377\136\163\171\373\133\371\171\360\140\047}{chapter.0}% 8
\BOOKMARK [2][-]{subsection.0.3.1}{\376\377\146\166\117\123\166\204\136\163\171\373\133\371\171\360\140\047}{section.0.3}% 9
\BOOKMARK [1][-]{section.0.4}{\376\377\000B\000l\000o\000c\000h\133\232\164\006}{chapter.0}% 10
\BOOKMARK [2][-]{subsection.0.4.1}{\376\377\154\102\147\054\137\201\145\271\172\013}{section.0.4}% 11
\BOOKMARK [1][-]{section.0.5}{\376\377\000D\000i\000r\000a\000c\000\040\000C\000o\000m\000b}{chapter.0}% 12
\BOOKMARK [0][-]{chapter.1}{\376\377\130\360\133\120}{}% 13
\BOOKMARK [1][-]{section.1.1}{\376\377\130\360\127\072\221\317\133\120\123\026}{chapter.1}% 14
\BOOKMARK [2][-]{subsection.1.1.1}{\376\377\152\041\127\213}{section.1.1}% 15
\BOOKMARK [2][-]{subsection.1.1.2}{\376\377\120\205\221\314\123\366\123\330\143\142}{section.1.1}% 16
\BOOKMARK [2][-]{subsection.1.1.3}{\376\377\136\172\153\143\123\330\143\142}{section.1.1}% 17
\BOOKMARK [2][-]{subsection.1.1.4}{\376\377\000D\000i\000r\000a\000c\123\330\143\142}{section.1.1}% 18
\BOOKMARK [1][-]{section.1.2}{\376\377\130\360\133\120\154\024\117\123\166\204\160\355\140\047\215\050}{chapter.1}% 19
\BOOKMARK [1][-]{section.1.3}{\376\377\225\177\154\342\145\271\154\325\040\024\130\360\133\146\152\041}{chapter.1}% 20
\BOOKMARK [1][-]{section.1.4}{\376\377\225\177\154\342\145\271\154\325\040\024\121\111\133\146\152\041}{chapter.1}% 21
\BOOKMARK [1][-]{section.1.5}{\376\377\140\001\133\306\136\246\116\016\203\003\227\015\131\053\131\107\160\271}{chapter.1}% 22
